<!DOCTYPE html>
<html dir="ltr" lang="en-gb">
<head>
<meta charset="utf-8" />
<meta http-equiv="X-UA-Compatible" content="IE=edge">
<meta name="viewport" content="width=device-width, initial-scale=1, maximum-scale=1.0, user-scalable=no" />
<title>python errors when upgrading - antiX oldforums archive</title>
   
<link rel="stylesheet" href="../aaa_style.css">
<script type="text/javascript" src ="../aaa_oldforums.js"></script>
</head>
<body>
<div id="wrap" class="wrap">
<a id="top" class="top-anchor" accesskey="t"></a>

<div id="inner-wrap">
<ul id="nav-breadcrumbs" class="nav-breadcrumbs linklist navlinks clear-after" role="menubar">
<li class="scroll-breadcrumbs breadcrumbs">
<span class="crumb"><a href="./index.html" accesskey="h" data-navbar-reference="index"><span>antiX - oldforums archive</span></a> &raquo;&raquo; </span>

<span class="crumb"><a href="./orphaned-posts-f27/index.html"><span>Orphaned Posts</span></a> &raquo;&raquo; </span>

<span class="crumb"><a href="./releases-old-f44/index.html"><span>Releases (Old)</span></a> &raquo;&raquo; </span>

<span class="crumb"><a href="./antix-m11-jayaben-desai-f43/index.html"><span>antiX-M11 Jayaben Desai</span></a></span>
</li>
</ul>

<div id="page-body" class="page-body" role="main">
<div class="postprofile_container postprofile_Left">
<div>
<div class="topictitleheader"><span class="statictopictitle">topic title: </span><span class="topic-titleb"><a href="./python-errors-when-upgrading-t3121.html">python errors when upgrading</a></div>
<div class="pagination">
12 posts
&bull; Page <strong>1</strong> of <strong>1</strong>
</div>
</div>

<div class="action-bar bar-top">
</div>
<div class="viewtopic_wrapper">
<div id="p_20567" class="post has-profile bg2">
<div class="inner">
<dl class="postprofile" id="profile20567">
<dt class="no-profile-rank has-avatar avatar-username">
<div class="avatar-username-inner">
<div class="thread-user-detail">
<div class="detail-title-numposts"><span class="detail-title-numposts">Posts: 10</span></div>

</div>
</div>
<span class="username">beriah</span>
</dt>
<dd class="profile-joined">Joined: 10 May 2011</dd>
</dl>
<div class="postbody">
<div id="post_content20567">
<time datetime="2011-05-10T23:43">posted: 2011-05-10 &nbsp; 23:43</time>
<span class="permalink"><a href="./python-errors-when-upgrading-t3121.html#p20567" title="permalink">#1</a></span>

<div class="content">I have a new install of Jayaben Desai that I'm trying to upgrade.<br>
Here are the errors:<br>
<br>
Errors were encountered while processing:<br>
/var/cache/apt/archives/python-gnome2_2.28.1-2_i386.deb<br>
/var/cache/apt/archives/python-pyorbit_2.24.0-6+b1_i386.deb<br>
/var/cache/apt/archives/python-gconf_2.28.1-2_i386.deb<br>
/var/cache/apt/archives/python-notify_0.1.1-2+b3_i386.deb<br>
/var/cache/apt/archives/python-numpy_1%3a1.5.1-2+b1_i386.deb<br>
/var/cache/apt/archives/python-urwid_0.9.9.1-1+b1_i386.deb<br>
E: Sub-process /usr/bin/dpkg returned an error code (1)<br>
<br>
<br>
I have complete output, but it is rather lengthy <span class="emoticon"> __{{emoticon}}__ </span><br>
I got the same errors with synaptic, apt-get update/upgrade, and also apt-get dist-upgrade.<br>
I even tried apt-get check, apt-get clean, apt-get autoclean, but nothing helps.<br>
What now?<br>
<br>
thanks</div>
</div>
</div>

</div>
</div>
<div id="p_20570" class="post has-profile bg1">
<div class="inner">
<dl class="postprofile" id="profile20570">
<dt class="no-profile-rank has-avatar avatar-username">
<div class="avatar-username-inner">
<div class="thread-user-detail">
<div class="detail-title-numposts"><span class="detail-title-numposts">Posts: 117</span></div>

</div>
</div>
<span class="username">buttcoffee</span>
</dt>
<dd class="profile-joined">Joined: 20 Aug 2010</dd>
</dl>
<div class="postbody">
<div id="post_content20570">

<time datetime="2011-05-11T01:04">posted: 2011-05-11 &nbsp; 01:04</time>
<span class="permalink"><a href="./python-errors-when-upgrading-t3121.html#p20570" title="permalink">#2</a></span>

<div class="content">try apt-get -f install to force install each package that didn't get installed, then apt-get upgrade, keep doing that until there are no more errors.</div>
</div>
</div>

</div>
</div>
<div id="p_20572" class="post has-profile bg2">
<div class="inner">
<dl class="postprofile" id="profile20572">
<dt class="no-profile-rank has-avatar avatar-username">
<div class="avatar-username-inner">
<div class="thread-user-detail">
<div class="detail-title-numposts"><span class="detail-title-numposts">Posts: 10</span></div>

</div>
</div>
<span class="username">beriah</span>
</dt>
<dd class="profile-joined">Joined: 10 May 2011</dd>
</dl>
<div class="postbody">
<div id="post_content20572">

<time datetime="2011-05-11T01:12">posted: 2011-05-11 &nbsp; 01:12</time>
<span class="permalink"><a href="./python-errors-when-upgrading-t3121.html#p20572" title="permalink">#3</a></span>

<div class="content">Tried that, same errors <span class="emoticon"> __{{emoticon}}__ </span><br>
<br>
When I can get back on that system, I'll upload the complete error file. <br>
Rather lengthy, so if I can't upload it here, I'll post it elsewhere.<br>
<br>
Thanks!</div>
</div>
</div>

</div>
</div>
<div id="p_20573" class="post has-profile bg1">
<div class="inner">
<dl class="postprofile" id="profile20573">
<dt class="no-profile-rank has-avatar avatar-username">
<div class="avatar-username-inner">
<div class="thread-user-detail">
<div class="detail-title-numposts"><span class="detail-title-numposts">Posts: 4,164</span></div>

</div>
</div>
<span class="username">rokytnji</span>
</dt>
<dd class="profile-joined">Joined: 20 Feb 2009</dd>
</dl>
<div class="postbody">
<div id="post_content20573">

<time datetime="2011-05-11T01:32">posted: 2011-05-11 &nbsp; 01:32</time>
<span class="permalink"><a href="./python-errors-when-upgrading-t3121.html#p20573" title="permalink">#4</a></span>

<div class="content">Zip it up before uploading. Easier to upload. I do that with apt-get dist-upgrade readouts that are long and lengthy readouts.</div>
</div>
</div>

 </div>
</div>
<div id="p_20581" class="post has-profile bg2">
<div class="inner">
<dl class="postprofile" id="profile20581">
<dt class="no-profile-rank has-avatar avatar-username">
<div class="avatar-username-inner">
<div class="thread-user-detail">
<div class="detail-title-numposts"><span class="detail-title-numposts">Posts: 10</span></div>

</div>
</div>
<span class="username">beriah</span>
</dt>
<dd class="profile-joined">Joined: 10 May 2011</dd>
</dl>
<div class="postbody">
<div id="post_content20581">

<time datetime="2011-05-11T15:50">posted: 2011-05-11 &nbsp; 15:50</time>
<span class="permalink"><a href="./python-errors-when-upgrading-t3121.html#p20581" title="permalink">#5</a></span>

<div class="content"><div class="codebox"><p>Code: <a href="#" onclick="selectCode(this); return false;">Select all</a></p><pre><code>The following packages will be upgraded:
  python-gconf python-gnome2 python-notify python-numpy python-pyorbit python-urwid
6 upgraded, 0 newly installed, 0 to remove and 0 not upgraded.
7 not fully installed or removed.
Need to get 0 B/2,762 kB of archives.
After this operation, 65.5 kB of additional disk space will be used.
Do you want to continue [Y/n]? 
(Reading database ... 73653 files and directories currently installed.)
Preparing to replace python-gnome2 2.28.1-1 (using .../python-gnome2_2.28.1-2_i386.deb) ...
Traceback (most recent call last):
  File"/usr/sbin/update-python-modules", line 17, in &lt;module&gt;
    from pysupport import py_supported,py_installed,py_oldversions
ImportError: cannot import name py_supported
dpkg: warning: subprocess old pre-removal script returned error exit status 1
dpkg - trying script from the new package instead ...
Traceback (most recent call last):
  File"/usr/bin/pyclean", line 33, in &lt;module&gt;
    from debpython.namespace import add_namespace_files
ImportError: cannot import name add_namespace_files
dpkg: error processing /var/cache/apt/archives/python-gnome2_2.28.1-2_i386.deb (--unpack):
 subprocess new pre-removal script returned error exit status 1
configured to not write apport reports
                                      Traceback (most recent call last):
  File"/usr/sbin/update-python-modules", line 17, in &lt;module&gt;
    from pysupport import py_supported,py_installed,py_oldversions
ImportError: cannot import name py_supported
dpkg: error while cleaning up:
 subprocess installed post-installation script returned error exit status 1
Preparing to replace python-pyorbit 2.24.0-6 (using .../python-pyorbit_2.24.0-6+b1_i386.deb) ...
Traceback (most recent call last):
  File"/usr/sbin/update-python-modules", line 17, in &lt;module&gt;
    from pysupport import py_supported,py_installed,py_oldversions
ImportError: cannot import name py_supported
dpkg: warning: subprocess old pre-removal script returned error exit status 1
dpkg - trying script from the new package instead ...
Traceback (most recent call last):
  File"/usr/sbin/update-python-modules", line 17, in &lt;module&gt;
    from pysupport import py_supported,py_installed,py_oldversions
ImportError: cannot import name py_supported
dpkg: error processing /var/cache/apt/archives/python-pyorbit_2.24.0-6+b1_i386.deb (--unpack):
 subprocess new pre-removal script returned error exit status 1
configured to not write apport reports
                                      Traceback (most recent call last):
  File"/usr/sbin/update-python-modules", line 17, in &lt;module&gt;
    from pysupport import py_supported,py_installed,py_oldversions
ImportError: cannot import name py_supported
dpkg: error while cleaning up:
 subprocess installed post-installation script returned error exit status 1
Preparing to replace python-gconf 2.28.1-1 (using .../python-gconf_2.28.1-2_i386.deb) ...
Traceback (most recent call last):
  File"/usr/sbin/update-python-modules", line 17, in &lt;module&gt;
    from pysupport import py_supported,py_installed,py_oldversions
ImportError: cannot import name py_supported
dpkg: warning: subprocess old pre-removal script returned error exit status 1
dpkg - trying script from the new package instead ...
dpkg: error processing /var/cache/apt/archives/python-gconf_2.28.1-2_i386.deb (--unpack):
 there is no script in the new version of the package - giving up
configured to not write apport reports
                                      Traceback (most recent call last):
  File"/usr/sbin/update-python-modules", line 17, in &lt;module&gt;
    from pysupport import py_supported,py_installed,py_oldversions
ImportError: cannot import name py_supported
dpkg: error while cleaning up:
 subprocess installed post-installation script returned error exit status 1
Preparing to replace python-notify 0.1.1-2+b2 (using .../python-notify_0.1.1-2+b3_i386.deb) ...
Traceback (most recent call last):
  File"/usr/sbin/update-python-modules", line 17, in &lt;module&gt;
    from pysupport import py_supported,py_installed,py_oldversions
ImportError: cannot import name py_supported
dpkg: warning: subprocess old pre-removal script returned error exit status 1
dpkg - trying script from the new package instead ...
Traceback (most recent call last):
  File"/usr/sbin/update-python-modules", line 17, in &lt;module&gt;
    from pysupport import py_supported,py_installed,py_oldversions
ImportError: cannot import name py_supported
dpkg: error processing /var/cache/apt/archives/python-notify_0.1.1-2+b3_i386.deb (--unpack):
 subprocess new pre-removal script returned error exit status 1
configured to not write apport reports
                                      Traceback (most recent call last):
  File"/usr/sbin/update-python-modules", line 17, in &lt;module&gt;
    from pysupport import py_supported,py_installed,py_oldversions
ImportError: cannot import name py_supported
dpkg: error while cleaning up:
 subprocess installed post-installation script returned error exit status 1
Preparing to replace python-numpy 1:1.5.1-2 (using .../python-numpy_1%3a1.5.1-2+b1_i386.deb) ...
Traceback (most recent call last):
  File"/usr/sbin/update-python-modules", line 17, in &lt;module&gt;
    from pysupport import py_supported,py_installed,py_oldversions
ImportError: cannot import name py_supported
dpkg: warning: subprocess old pre-removal script returned error exit status 1
dpkg - trying script from the new package instead ...
Traceback (most recent call last):
  File"/usr/sbin/update-python-modules", line 17, in &lt;module&gt;
    from pysupport import py_supported,py_installed,py_oldversions
ImportError: cannot import name py_supported
dpkg: error processing /var/cache/apt/archives/python-numpy_1%3a1.5.1-2+b1_i386.deb (--unpack):
 subprocess new pre-removal script returned error exit status 1
configured to not write apport reports
                                      Traceback (most recent call last):
  File"/usr/sbin/update-python-modules", line 17, in &lt;module&gt;
    from pysupport import py_supported,py_installed,py_oldversions
ImportError: cannot import name py_supported
dpkg: error while cleaning up:
 subprocess installed post-installation script returned error exit status 1
Preparing to replace python-urwid 0.9.9.1-1 (using .../python-urwid_0.9.9.1-1+b1_i386.deb) ...
Traceback (most recent call last):
  File"/usr/sbin/update-python-modules", line 17, in &lt;module&gt;
    from pysupport import py_supported,py_installed,py_oldversions
ImportError: cannot import name py_supported
dpkg: warning: subprocess old pre-removal script returned error exit status 1
dpkg - trying script from the new package instead ...
Traceback (most recent call last):
  File"/usr/sbin/update-python-modules", line 17, in &lt;module&gt;
    from pysupport import py_supported,py_installed,py_oldversions
ImportError: cannot import name py_supported
dpkg: error processing /var/cache/apt/archives/python-urwid_0.9.9.1-1+b1_i386.deb (--unpack):
 subprocess new pre-removal script returned error exit status 1
configured to not write apport reports
                                      Traceback (most recent call last):
  File"/usr/sbin/update-python-modules", line 17, in &lt;module&gt;
    from pysupport import py_supported,py_installed,py_oldversions
ImportError: cannot import name py_supported
dpkg: error while cleaning up:
 subprocess installed post-installation script returned error exit status 1
Errors were encountered while processing:
 /var/cache/apt/archives/python-gnome2_2.28.1-2_i386.deb
 /var/cache/apt/archives/python-pyorbit_2.24.0-6+b1_i386.deb
 /var/cache/apt/archives/python-gconf_2.28.1-2_i386.deb
 /var/cache/apt/archives/python-notify_0.1.1-2+b3_i386.deb
 /var/cache/apt/archives/python-numpy_1%3a1.5.1-2+b1_i386.deb
 /var/cache/apt/archives/python-urwid_0.9.9.1-1+b1_i386.deb
E: Sub-process /usr/bin/dpkg returned an error code (1)
root@antiX1:~#</code></pre></div></div>
</div>
</div>

</div>
</div>
<div id="p_20582" class="post has-profile bg1">
<div class="inner">
<dl class="postprofile" id="profile20582">
<dt class="has-profile-rank has-avatar avatar-username">
<span class="username">anticapitalista</span>
<div class="avatar-username-inner">
<div class="thread-user-detail">
<div class="detail-title-numposts"><span class="detail-title-numposts">Posts: 5,955</span></div>

</div>
</div>
</dt>
<dd class="profile-rank">Site Admin</dd>
<dd class="profile-joined">Joined: 11 Sep 2007</dd>
</dl>
<div class="postbody">
<div id="post_content20582">

<time datetime="2011-05-11T17:05">posted: 2011-05-11 &nbsp; 17:05</time>
<span class="permalink"><a href="./python-errors-when-upgrading-t3121.html#p20582" title="permalink">#6</a></span>

<div class="content">Try apt-get dist-upgrade</div>
</div>
</div>

</div>
</div>
<div id="p_20583" class="post has-profile bg2">
<div class="inner">
<dl class="postprofile" id="profile20583">
<dt class="no-profile-rank has-avatar avatar-username">
<div class="avatar-username-inner">
<div class="thread-user-detail">
<div class="detail-title-numposts"><span class="detail-title-numposts">Posts: 10</span></div>

</div>
</div>
<span class="username">beriah</span>
</dt>
<dd class="profile-joined">Joined: 10 May 2011</dd>
</dl>
<div class="postbody">
<div id="post_content20583">

<time datetime="2011-05-11T17:11">posted: 2011-05-11 &nbsp; 17:11</time>
<span class="permalink"><a href="./python-errors-when-upgrading-t3121.html#p20583" title="permalink">#7</a></span>

<div class="content">Well, I seem to be having a lot of problems with different things, so I'm beginning to think I have a bad install.<br>
I've used Debian for years, so I'm no novice, but something is really messed up.<br>
Fonts aren't found, config files aren't found/read, RoxTerm loads with errors, etc.<br>
I'm going to start over since this was a new install anyway.<br>
<br>
I'll report how the new install goes or if the cd burn was bad</div>
</div>
</div>

</div>
</div>
<div id="p_20584" class="post has-profile bg1">
<div class="inner">
<dl class="postprofile" id="profile20584">
<dt class="no-profile-rank has-avatar avatar-username">
<div class="avatar-username-inner">
<div class="thread-user-detail">
<div class="detail-title-numposts"><span class="detail-title-numposts">Posts: 10</span></div>

</div>
</div>
<span class="username">beriah</span>
</dt>
<dd class="profile-joined">Joined: 10 May 2011</dd>
</dl>
<div class="postbody">
<div id="post_content20584">

<time datetime="2011-05-11T17:14">posted: 2011-05-11 &nbsp; 17:14</time>
<span class="permalink"><a href="./python-errors-when-upgrading-t3121.html#p20584" title="permalink">#8</a></span>

<div class="content">anticapitalista, I have tried that two different times <span class="emoticon"> __{{emoticon}}__ </span><br>
<br>
I'm about to shutdown the machine and re-install. Too many other problems as mentioned above.<br>
<br>
b</div>
</div>
</div>

</div>
</div>
<div id="p_20585" class="post has-profile bg2">
<div class="inner">
<dl class="postprofile" id="profile20585">
<dt class="has-profile-rank has-avatar avatar-username">
<span class="username">anticapitalista</span>
<div class="avatar-username-inner">
<div class="thread-user-detail">
<div class="detail-title-numposts"><span class="detail-title-numposts">Posts: 5,955</span></div>

</div>
</div>
</dt>
<dd class="profile-rank">Site Admin</dd>
<dd class="profile-joined">Joined: 11 Sep 2007</dd>
</dl>
<div class="postbody">
<div id="post_content20585">

<time datetime="2011-05-11T17:31">posted: 2011-05-11 &nbsp; 17:31</time>
<span class="permalink"><a href="./python-errors-when-upgrading-t3121.html#p20585" title="permalink">#9</a></span>

<div class="content">Sorry, I just noticed you had tried. I agree that maybe the install is the problem.</div>
</div>
</div>

</div>
</div>
<div id="p_20587" class="post has-profile bg1">
<div class="inner">
<dl class="postprofile" id="profile20587">
<dt class="no-profile-rank has-avatar avatar-username">
<div class="avatar-username-inner">

<div class="thread-user-detail">
<div class="detail-title-numposts"><span class="detail-title-numposts">Posts: 117</span></div>

</div>
</div>
<span class="username">buttcoffee</span>
</dt>
<dd class="profile-joined">Joined: 20 Aug 2010</dd>
</dl>
<div class="postbody">
<div id="post_content20587">

<time datetime="2011-05-11T19:08">posted: 2011-05-11 &nbsp; 19:08</time>
<span class="permalink"><a href="./python-errors-when-upgrading-t3121.html#p20587" title="permalink">#10</a></span>

<div class="content">You could try to purge python-support and then reinstall it, or download the python-support deb and install it, try to force it if it doesn't work. Python-support contains python-modules. If that doesn't work, you could just wait and upgrade at a later time. Do you use python a lot?<br>
<br>
You should probably leave X when you're doing a system upgrade. That's what's advised when doing upgrades. Don't do upgrades in synaptic.</div>
</div>
</div>

</div>
</div>
<div id="p_20588" class="post has-profile bg2">
<div class="inner">
<dl class="postprofile" id="profile20588">
<dt class="no-profile-rank has-avatar avatar-username">
<div class="avatar-username-inner">
<div class="thread-user-detail">
<div class="detail-title-numposts"><span class="detail-title-numposts">Posts: 10</span></div>

</div>
</div>
<span class="username">beriah</span>
</dt>
<dd class="profile-joined">Joined: 10 May 2011</dd>
</dl>
<div class="postbody">
<div id="post_content20588">

<time datetime="2011-05-11T20:21">posted: 2011-05-11 &nbsp; 20:21</time>
<span class="permalink"><a href="./python-errors-when-upgrading-t3121.html#p20588" title="permalink">#11</a></span>

<div class="content">buttcoffee, thanks. I didn't make myself clear enough with first post. <br>
I tried upgrading with console login. I was doing"apt-get update" and"apt-get upgrade" and then tried"apt-get dist-upgrade".<br>
Actually tried upgrading via apt-get in console and also used synaptic in X using reload, mark updates, apply.<br>
<br>
Anyway, tried re-installing and pretty much had same problems, so the cd may be bad.<br>
Since I'm on a friends internet connection (dsl), I'll have to wait and download another copy and try later.<br>
If I decide to play with the"new" installation, I'll wait till the other family is off the internet, so I won't be slowing them down. They're letting me on free via wifi, so I sure don't want to make them mad at me <span class="emoticon"> __{{emoticon}}__ </span><br>
<br>
Thanks for all the help/ideas.</div>
</div>
</div>

</div>
</div>
<div id="p_20589" class="post has-profile bg1">
<div class="inner">
<dl class="postprofile" id="profile20589">
<dt class="has-profile-rank has-avatar avatar-username">
<span class="username">anticapitalista</span>
<div class="avatar-username-inner">
<div class="thread-user-detail">
<div class="detail-title-numposts"><span class="detail-title-numposts">Posts: 5,955</span></div>

</div>
</div>
</dt>
<dd class="profile-rank">Site Admin</dd>
<dd class="profile-joined">Joined: 11 Sep 2007</dd>
</dl>
<div class="postbody">
<div id="post_content20589">

<time datetime="2011-05-11T20:57">posted: 2011-05-11 &nbsp; 20:57</time>
<span class="permalink"><a href="./python-errors-when-upgrading-t3121.html#p20589" title="permalink">#12</a></span>

<div class="content">Hope the next install works better. FWIW I did a fresh install of antiX-M11-686 and dist-upgrade only had the issue here:<br>
<br>
post20586.html?hilit=apt get purge firmware b43legacy installer#p20586</div>
</div>
</div>

</div>
</div>
</div>
<div class="action-bar bar-bottom">

<div class="pagination">
12 posts
&bull; Page <strong>1</strong> of <strong>1</strong>
</div>
</div>
</div>
</div>
</div>
<div class="scrollToTopText"><a href="#top">goto top of page</a></div>

</div>
</body></html>
